<?xml version="1.0" encoding="UTF-8"?>
<testsuite xmlns:xsi="http://www.w3.org/2001/XMLSchema-instance" xsi:noNamespaceSchemaLocation="https://maven.apache.org/surefire/maven-surefire-plugin/xsd/surefire-test-report-3.0.xsd" version="3.0" name="com.upc.bikefastgo.BikeFastGOApplicationTests" time="20.631" tests="1" errors="0" skipped="0" failures="0">
  <properties>
[...]
</properties>
  <testcase name="contextLoads" classname="com.upc.bikefastgo.BikeFastGOApplicationTests" time="0.888">
    <system-out><![CDATA[18:36:13.517 [main] INFO org.springframework.test.context.support.AnnotationConfigContextLoaderUtils -- Could not detect default configuration classes for test class [com.upc.bikefastgo.BikeFastGOApplicationTests]: BikeFastGOApplicationTests does not declare any static, non-private, non-final, nested classes annotated with @Configuration.
18:36:13.688 [main] INFO org.springframework.boot.test.context.SpringBootTestContextBootstrapper -- Found @SpringBootConfiguration com.upc.bikefastgo.BikeFastGOApplication for test class com.upc.bikefastgo.BikeFastGOApplicationTests

  .   ____          _            __ _ _
 /\\ / ___'_ __ _ _(_)_ __  __ _ \ \ \ \
( ( )\___ | '_ | '_| | '_ \/ _` | \ \ \ \
 \\/  ___)| |_)| | | | | || (_| |  ) ) ) )
  '  |____| .__|_| |_|_| |_\__, | / / / /
 =========|_|==============|___/=/_/_/_/
 :: Spring Boot ::                (v3.1.0)

2024-06-19T18:36:14.355-05:00  INFO 1652 --- [           main] c.u.b.BikeFastGOApplicationTests         : Starting BikeFastGOApplicationTests using Java 17.0.11 with PID 1652 (started by ADMIN in D:\Backend-BikeFastGO-main)
2024-06-19T18:36:14.357-05:00  INFO 1652 --- [           main] c.u.b.BikeFastGOApplicationTests         : No active profile set, falling back to 1 default profile: "default"
2024-06-19T18:36:15.688-05:00  INFO 1652 --- [           main] .s.d.r.c.RepositoryConfigurationDelegate : Bootstrapping Spring Data JPA repositories in DEFAULT mode.
2024-06-19T18:36:15.832-05:00  INFO 1652 --- [           main] .s.d.r.c.RepositoryConfigurationDelegate : Finished Spring Data repository scanning in 131 ms. Found 6 JPA repository interfaces.
2024-06-19T18:36:16.718-05:00  INFO 1652 --- [           main] o.hibernate.jpa.internal.util.LogHelper  : HHH000204: Processing PersistenceUnitInfo [name: default]
2024-06-19T18:36:16.805-05:00  INFO 1652 --- [           main] org.hibernate.Version                    : HHH000412: Hibernate ORM core version 6.2.2.Final
2024-06-19T18:36:16.807-05:00  INFO 1652 --- [           main] org.hibernate.cfg.Environment            : HHH000406: Using bytecode reflection optimizer
2024-06-19T18:36:17.139-05:00  INFO 1652 --- [           main] o.h.b.i.BytecodeProviderInitiator        : HHH000021: Bytecode provider name : bytebuddy
2024-06-19T18:36:17.369-05:00  INFO 1652 --- [           main] o.s.o.j.p.SpringPersistenceUnitInfo      : No LoadTimeWeaver setup: ignoring JPA class transformer
2024-06-19T18:36:17.394-05:00  INFO 1652 --- [           main] com.zaxxer.hikari.HikariDataSource       : HikariPool-1 - Starting...
2024-06-19T18:36:19.144-05:00  INFO 1652 --- [           main] com.zaxxer.hikari.pool.HikariPool        : HikariPool-1 - Added connection com.mysql.cj.jdbc.ConnectionImpl@3dde5f38
2024-06-19T18:36:19.147-05:00  INFO 1652 --- [           main] com.zaxxer.hikari.HikariDataSource       : HikariPool-1 - Start completed.
2024-06-19T18:36:19.369-05:00  INFO 1652 --- [           main] org.hibernate.orm.dialect                : HHH035001: Using dialect: org.hibernate.dialect.MySQL8Dialect, version: 8.0
2024-06-19T18:36:19.371-05:00  WARN 1652 --- [           main] org.hibernate.orm.deprecation            : HHH90000026: MySQL8Dialect has been deprecated; use org.hibernate.dialect.MySQLDialect instead
2024-06-19T18:36:19.783-05:00  INFO 1652 --- [           main] o.h.b.i.BytecodeProviderInitiator        : HHH000021: Bytecode provider name : bytebuddy
2024-06-19T18:36:20.800-05:00  INFO 1652 --- [           main] o.h.e.t.j.p.i.JtaPlatformInitiator       : HHH000490: Using JtaPlatform implementation: [org.hibernate.engine.transaction.jta.platform.internal.NoJtaPlatform]
Hibernate: 
    alter table bicycles 
       modify column bicycle_price  float(53) not null
Hibernate: 
    alter table bicycles 
       modify column latitude_data  float(53)
Hibernate: 
    alter table bicycles 
       modify column longitude_data  float(53)
Hibernate: 
    alter table cards 
       modify column card_amount  float(53) not null
Hibernate: 
    alter table rents 
       modify column rent_price  float(53) not null
Hibernate: 
    alter table token 
       modify column token_type  enum ('BEARER')
Hibernate: 
    alter table users 
       modify column latitude_data  float(53)
Hibernate: 
    alter table users 
       modify column longitude_data  float(53)
Hibernate: 
    alter table users 
       modify column role  enum ('ADMIN','USER')
2024-06-19T18:36:30.315-05:00  INFO 1652 --- [           main] j.LocalContainerEntityManagerFactoryBean : Initialized JPA EntityManagerFactory for persistence unit 'default'
2024-06-19T18:36:31.001-05:00  INFO 1652 --- [           main] o.s.d.j.r.query.QueryEnhancerFactory     : Hibernate is in classpath; If applicable, HQL parser will be used.
2024-06-19T18:36:31.947-05:00  WARN 1652 --- [           main] JpaBaseConfiguration$JpaWebConfiguration : spring.jpa.open-in-view is enabled by default. Therefore, database queries may be performed during view rendering. Explicitly configure spring.jpa.open-in-view to disable this warning
2024-06-19T18:36:32.443-05:00  INFO 1652 --- [           main] o.s.s.web.DefaultSecurityFilterChain     : Will secure any request with [org.springframework.security.web.session.DisableEncodeUrlFilter@4483e237, org.springframework.security.web.context.request.async.WebAsyncManagerIntegrationFilter@6466e599, org.springframework.security.web.context.SecurityContextHolderFilter@70916715, org.springframework.security.web.header.HeaderWriterFilter@42d8b670, org.springframework.security.web.authentication.logout.LogoutFilter@43e6bcfd, com.upc.bikefastgo.config.JwtAuthenticationFilter@553d828a, org.springframework.security.web.savedrequest.RequestCacheAwareFilter@76b06e50, org.springframework.security.web.servletapi.SecurityContextHolderAwareRequestFilter@47a22020, org.springframework.security.web.authentication.AnonymousAuthenticationFilter@721384e0, org.springframework.security.web.session.SessionManagementFilter@6e7d874c, org.springframework.security.web.access.ExceptionTranslationFilter@6b760eb7, org.springframework.security.web.access.intercept.AuthorizationFilter@13967a64]
2024-06-19T18:36:32.962-05:00  INFO 1652 --- [           main] c.u.b.BikeFastGOApplicationTests         : Started BikeFastGOApplicationTests in 18.98 seconds (process running for 20.502)
]]></system-out>
  </testcase>
</testsuite>